<?xml version="1.0" encoding="UTF-8"?>
<coverage generated="1663323779141" clover="3.2.0">
  <project timestamp="1663323779141" name="All files">
    <metrics statements="12" coveredstatements="12" conditionals="12" coveredconditionals="12" methods="5" coveredmethods="5" elements="29" coveredelements="29" complexity="0" loc="12" ncloc="12" packages="1" files="2" classes="2"/>
    <file name="getAverage.js" path="/Users/myungh5/Desktop/codekata/programers/problems/1to15/getAverage.js">
      <metrics statements="6" coveredstatements="6" conditionals="8" coveredconditionals="8" methods="3" coveredmethods="3"/>
      <line num="2" count="4" type="cond" truecount="4" falsecount="0"/>
      <line num="3" count="1" type="stmt"/>
      <line num="5" count="9" type="cond" truecount="4" falsecount="0"/>
      <line num="6" count="1" type="stmt"/>
      <line num="9" count="4" type="stmt"/>
      <line num="12" count="1" type="stmt"/>
    </file>
    <file name="reverseArray.js" path="/Users/myungh5/Desktop/codekata/programers/problems/1to15/reverseArray.js">
      <metrics statements="6" coveredstatements="6" conditionals="4" coveredconditionals="4" methods="2" coveredmethods="2"/>
      <line num="2" count="8" type="cond" truecount="2" falsecount="0"/>
      <line num="3" count="1" type="stmt"/>
      <line num="5" count="7" type="cond" truecount="2" falsecount="0"/>
      <line num="6" count="1" type="stmt"/>
      <line num="8" count="23" type="stmt"/>
      <line num="10" count="1" type="stmt"/>
    </file>
  </project>
</coverage>
