{"/Users/myungh5/Desktop/codekata/programers/problems/1to15/getAverage.js": {"path":"/Users/myungh5/Desktop/codekata/programers/problems/1to15/getAverage.js","statementMap":{"0":{"start":{"line":2,"column":4},"end":{"line":10,"column":5}},"1":{"start":{"line":3,"column":8},"end":{"line":3,"column":51}},"2":{"start":{"line":5,"column":9},"end":{"line":10,"column":5}},"3":{"start":{"line":5,"column":38},"end":{"line":5,"column":75}},"4":{"start":{"line":6,"column":8},"end":{"line":6,"column":62}},"5":{"start":{"line":9,"column":8},"end":{"line":9,"column":60}},"6":{"start":{"line":9,"column":39},"end":{"line":9,"column":48}},"7":{"start":{"line":12,"column":0},"end":{"line":14,"column":2}}},"fnMap":{"0":{"name":"getAverage","decl":{"start":{"line":1,"column":9},"end":{"line":1,"column":19}},"loc":{"start":{"line":1,"column":25},"end":{"line":11,"column":1}},"line":1},"1":{"name":"(anonymous_1)","decl":{"start":{"line":5,"column":22},"end":{"line":5,"column":23}},"loc":{"start":{"line":5,"column":36},"end":{"line":5,"column":77}},"line":5},"2":{"name":"(anonymous_2)","decl":{"start":{"line":9,"column":26},"end":{"line":9,"column":27}},"loc":{"start":{"line":9,"column":39},"end":{"line":9,"column":48}},"line":9}},"branchMap":{"0":{"loc":{"start":{"line":2,"column":4},"end":{"line":10,"column":5}},"type":"if","locations":[{"start":{"line":2,"column":4},"end":{"line":10,"column":5}},{"start":{"line":5,"column":9},"end":{"line":10,"column":5}}],"line":2},"1":{"loc":{"start":{"line":2,"column":10},"end":{"line":2,"column":46}},"type":"binary-expr","locations":[{"start":{"line":2,"column":10},"end":{"line":2,"column":25}},{"start":{"line":2,"column":29},"end":{"line":2,"column":46}}],"line":2},"2":{"loc":{"start":{"line":5,"column":9},"end":{"line":10,"column":5}},"type":"if","locations":[{"start":{"line":5,"column":9},"end":{"line":10,"column":5}},{"start":{"line":8,"column":9},"end":{"line":10,"column":5}}],"line":5},"3":{"loc":{"start":{"line":5,"column":45},"end":{"line":5,"column":74}},"type":"binary-expr","locations":[{"start":{"line":5,"column":46},"end":{"line":5,"column":57}},{"start":{"line":5,"column":63},"end":{"line":5,"column":73}}],"line":5}},"s":{"0":4,"1":1,"2":3,"3":9,"4":1,"5":2,"6":4,"7":1},"f":{"0":4,"1":9,"2":4},"b":{"0":[1,3],"1":[4,3],"2":[1,2],"3":[9,9]},"inputSourceMap":null,"_coverageSchema":"1a1c01bbd47fc00a2c39e90264f33305004495a9","hash":"b6c8768b9caea5ff3e1883fd76d826a3916985e1"}
,"/Users/myungh5/Desktop/codekata/programers/problems/1to15/reverseArray.js": {"path":"/Users/myungh5/Desktop/codekata/programers/problems/1to15/reverseArray.js","statementMap":{"0":{"start":{"line":2,"column":4},"end":{"line":7,"column":5}},"1":{"start":{"line":3,"column":8},"end":{"line":3,"column":49}},"2":{"start":{"line":5,"column":9},"end":{"line":7,"column":5}},"3":{"start":{"line":6,"column":8},"end":{"line":6,"column":44}},"4":{"start":{"line":8,"column":4},"end":{"line":8,"column":86}},"5":{"start":{"line":8,"column":64},"end":{"line":8,"column":82}},"6":{"start":{"line":10,"column":0},"end":{"line":12,"column":2}}},"fnMap":{"0":{"name":"solution","decl":{"start":{"line":1,"column":9},"end":{"line":1,"column":17}},"loc":{"start":{"line":1,"column":21},"end":{"line":9,"column":1}},"line":1},"1":{"name":"(anonymous_1)","decl":{"start":{"line":8,"column":48},"end":{"line":8,"column":49}},"loc":{"start":{"line":8,"column":62},"end":{"line":8,"column":84}},"line":8}},"branchMap":{"0":{"loc":{"start":{"line":2,"column":4},"end":{"line":7,"column":5}},"type":"if","locations":[{"start":{"line":2,"column":4},"end":{"line":7,"column":5}},{"start":{"line":5,"column":9},"end":{"line":7,"column":5}}],"line":2},"1":{"loc":{"start":{"line":5,"column":9},"end":{"line":7,"column":5}},"type":"if","locations":[{"start":{"line":5,"column":9},"end":{"line":7,"column":5}},{"start":{},"end":{}}],"line":5}},"s":{"0":8,"1":1,"2":7,"3":1,"4":6,"5":23,"6":1},"f":{"0":8,"1":23},"b":{"0":[1,7],"1":[1,6]},"inputSourceMap":null,"_coverageSchema":"1a1c01bbd47fc00a2c39e90264f33305004495a9","hash":"ee0eba5aa6c62285eb9b4844b4de99598700eed6"}
}
