TN:
SF:../problems/1to15/getAverage.js
FN:1,getAverage
FN:5,(anonymous_1)
FN:9,(anonymous_2)
FNF:3
FNH:3
FNDA:4,getAverage
FNDA:9,(anonymous_1)
FNDA:4,(anonymous_2)
DA:2,4
DA:3,1
DA:5,9
DA:6,1
DA:9,4
DA:12,1
LF:6
LH:6
BRDA:2,0,0,1
BRDA:2,0,1,3
BRDA:2,1,0,4
BRDA:2,1,1,3
BRDA:5,2,0,1
BRDA:5,2,1,2
BRDA:5,3,0,9
BRDA:5,3,1,9
BRF:8
BRH:8
end_of_record
TN:
SF:../problems/1to15/reverseArray.js
FN:1,solution
FN:8,(anonymous_1)
FNF:2
FNH:2
FNDA:8,solution
FNDA:23,(anonymous_1)
DA:2,8
DA:3,1
DA:5,7
DA:6,1
DA:8,23
DA:10,1
LF:6
LH:6
BRDA:2,0,0,1
BRDA:2,0,1,7
BRDA:5,1,0,1
BRDA:5,1,1,6
BRF:4
BRH:4
end_of_record
